<?xml version="1.0" encoding="UTF-8"?>
<testsuite xmlns:xsi="http://www.w3.org/2001/XMLSchema-instance" xsi:noNamespaceSchemaLocation="https://maven.apache.org/surefire/maven-surefire-plugin/xsd/surefire-test-report-3.0.xsd" version="3.0" name="trivia.GameBetterTest" time="0.961" tests="2" errors="0" skipped="1" failures="0">
  <properties>
[...]
</properties>
  <testcase name="oneSeed" classname="trivia.GameBetterTest" time="0.0">
    <skipped message="enable back and set a particular seed to see the output"/>
  </testcase>
  <testcase name="caracterizationTest" classname="trivia.GameBetterTest" time="0.933"/>
</testsuite>